ANSI-C/cC++ Compiler for HC08 V-5.0.32 Build 9279, Oct  7 2009

    1:  /**
    2:    ******************************************************************************
    3:    * proj    firmware startup project
    4:    * file    template.c
    5:    * ver     1.0
    6:    * brief   This is a template file for all C files.
    7:    ------------------------------------------------------------------------------
    8:    * 2012.02 created by taoyu@bakai.com
    9:    */ 
   10:  
   11:  /* File Id -------------------------------------------------------------------*/
   12:  #define _TEMPLATE_C_  0x41
   13:  #define FILE_No _TEMPLATE_C_
   14:  
   15:  /* Includes ------------------------------------------------------------------*/
   16:  #include  "template.h"  /* mandotary */
   17:  
   18:  /* Private Macros & Defines --------------------------------------------------*/
   19:  
   20:  /* Private typedefs ----------------------------------------------------------*/
   21:  
   22:  /* Private consts ------------------------------------------------------------*/
   23:  
   24:  /* Private variables ---------------------------------------------------------*/
   25:  
   26:  /* Private function prototypes -----------------------------------------------*/
   27:  
   28:  /* Global consts -------------------------------------------------------------*/
   29:  
   30:  /* Global variables ----------------------------------------------------------*/
   31:  
   32:  /* Functions -----------------------------------------------------------------*/
   33:  
   34:  /**
   35:    * bref    template function
   36:    * param   none
   37:    * retval  none
   38:    */
   39:  
   40:  
   41:  
